<?xml version="1.0" encoding="UTF-8"?>
<coverage generated="1385446296">
  <project timestamp="1385446296">
    <file name="/home/john/Projects/service/src/Novuso/Component/Service/Api/ContainerInterface.php">
      <line num="19" type="stmt" count="1"/>
      <metrics loc="18" ncloc="11" classes="0" methods="0" coveredmethods="0" conditionals="0" coveredconditionals="0" statements="0" coveredstatements="0" elements="0" coveredelements="0"/>
    </file>
    <package name="Novuso\Component\Service">
      <file name="/home/john/Projects/service/src/Novuso/Component/Service/Container.php">
        <class name="Container" namespace="Novuso\Component\Service">
          <metrics methods="4" coveredmethods="4" conditionals="0" coveredconditionals="0" statements="8" coveredstatements="8" elements="12" coveredelements="12"/>
        </class>
        <line num="18" type="method" name="setParameter" crap="1" count="1"/>
        <line num="20" type="stmt" count="1"/>
        <line num="22" type="stmt" count="1"/>
        <line num="25" type="method" name="getParameter" crap="2" count="1"/>
        <line num="27" type="stmt" count="1"/>
        <line num="28" type="stmt" count="1"/>
        <line num="31" type="stmt" count="1"/>
        <line num="34" type="method" name="hasParameter" crap="1" count="1"/>
        <line num="36" type="stmt" count="1"/>
        <line num="39" type="method" name="removeParameter" crap="1" count="1"/>
        <line num="41" type="stmt" count="1"/>
        <line num="43" type="stmt" count="1"/>
        <line num="46" type="stmt" count="1"/>
        <metrics loc="45" ncloc="38" classes="1" methods="4" coveredmethods="4" conditionals="0" coveredconditionals="0" statements="8" coveredstatements="8" elements="12" coveredelements="12"/>
      </file>
    </package>
    <metrics files="2" loc="63" ncloc="49" classes="1" methods="4" coveredmethods="4" conditionals="0" coveredconditionals="0" statements="8" coveredstatements="8" elements="12" coveredelements="12"/>
  </project>
</coverage>
